Watch mode: updating every 60 minute(s). Press Ctrl+C to stop.


════════════════════════════════════════════════════════════
[Watch] Run #1 started at 2026-06-30 23:43:54
════════════════════════════════════════════════════════════
Checking 39 local novel(s) for updates…

[1/39] a-will-eternal
  ✓ Up to date (1317 chapters)
[2/39] all-jobs-and-classes-i-just-wanted-one-skill-not-them-all
  ↑ 1 new chapter(s) (local: 710, remote: 711)

────────────────────────────────────────────────────────────
Novel: all-jobs-and-classes-i-just-wanted-one-skill-not-them-all
URL:   https://freewebnovel.com/novel/all-jobs-and-classes-i-just-wanted-one-skill-not-them-all
  Local:  710 chapter(s) already on disk (next vol → Vol.1)
  Title:  All Jobs and Classes! I Just Wanted One Skill, Not Them All!
  Tags:   Action, Adventure, Comedy, Fantasy, Martial Arts, Mystery, Slice of Life
  Cover:  https://freewebnovel.com/files/article/image/14/14511/14511s.jpg
  Remote: 711 chapter(s) available
  → 1 new chapter(s) to download (ch711–711)

  Volume 1: chapters 711–711
  ✓ Chapter 711/711
  Updating Ohara site data…
  Writing static HTML pages…
  ✓ Site data written to docs/data/all-jobs-and-classes-i-just-wanted-one-skill-not-them-all/ and docs/read/all-jobs-and-classes-i-just-wanted-one-skill-not-them-all/

  [git] Pushing All Jobs and Classes! I Just Wanted One Skill, Not Them All! to GitHub…
  [git] Committed: add/update: All Jobs and Classes! I Just Wanted One Skill, Not Them All!
  [git] ✓ Pushed to GitHub successfully.
[3/39] are-beast-nobles-supposed-to-be-this-lewd
  ↑ 1 new chapter(s) (local: 95, remote: 96)

────────────────────────────────────────────────────────────
Novel: are-beast-nobles-supposed-to-be-this-lewd
URL:   https://freewebnovel.com/novel/are-beast-nobles-supposed-to-be-this-lewd
  Local:  95 chapter(s) already on disk (next vol → Vol.1)
  Title:  Are Beast Nobles Supposed to Be This Lewd?
  Tags:   Fantasy, Adult, Romance, Smut, Historical
  Cover:  https://freewebnovel.com/files/article/image/13/13809/13809s.jpg
  Remote: 96 chapter(s) available
  → 1 new chapter(s) to download (ch96–96)

  Volume 1: chapters 96–96
  ✓ Chapter 96/96
  Updating Ohara site data…
  Writing static HTML pages…
  ✓ Site data written to docs/data/are-beast-nobles-supposed-to-be-this-lewd/ and docs/read/are-beast-nobles-supposed-to-be-this-lewd/

  [git] Pushing Are Beast Nobles Supposed to Be This Lewd? to GitHub…
  [git] Committed: add/update: Are Beast Nobles Supposed to Be This Lewd?
  [git] ✓ Pushed to GitHub successfully.
[4/39] demonic-dragon-harem-system
  ✓ Up to date (919 chapters)
[5/39] divine-milking-system
  ✓ Up to date (307 chapters)
[6/39] dominion-bond-system-the-only-man-left-has-a-yandere-girlfriend
  ✓ Up to date (62 chapters)
[7/39] dual-cultivation-conquering-my-stepmother-amp-building-my-milf-harem
  ✓ Up to date (91 chapters)
[8/39] forbidden-fruit-intense-taboo
  ✓ Up to date (32 chapters)
[9/39] hentai-dragon-king
  ✓ Up to date (111 chapters)
[10/39] i-shall-seal-the-heavens
  ✓ Up to date (1616 chapters)
[11/39] immortality-through-array-formations
  ↑ 1 new chapter(s) (local: 2521, remote: 2522)

────────────────────────────────────────────────────────────
Novel: immortality-through-array-formations
URL:   https://freewebnovel.com/novel/immortality-through-array-formations
  Local:  2521 chapter(s) already on disk (next vol → Vol.1)
  Title:  Immortality Through Array Formations
  Tags:   Eastern, Xianxia, Action, Adventure
  Cover:  https://freewebnovel.com/files/article/image/4/4609/4609s.jpg
  Remote: 2522 chapter(s) available
  → 1 new chapter(s) to download (ch2522–2522)

  Volume 1: chapters 2522–2522
  ✓ Chapter 2522/2522
  Updating Ohara site data…
  Writing static HTML pages…
  ✓ Site data written to docs/data/immortality-through-array-formations/ and docs/read/immortality-through-array-formations/

  [git] Pushing Immortality Through Array Formations to GitHub…
  [git] Committed: add/update: Immortality Through Array Formations
  [git] ✓ Pushed to GitHub successfully.
[12/39] incubus-lord-lust-harem-system
  ✓ Up to date (110 chapters)
[13/39] infinite-cashback-system
  ↑ 4 new chapter(s) (local: 173, remote: 177)

────────────────────────────────────────────────────────────
Novel: infinite-cashback-system
URL:   https://freewebnovel.com/novel/infinite-cashback-system
  Local:  173 chapter(s) already on disk (next vol → Vol.1)
  Title:  Infinite Cashback System
  Tags:   Drama, Romance, Adult, Harem, Ecchi, Smut, Slice of Life
  Cover:  https://freewebnovel.com/files/article/image/13/13727/13727s.jpg
  Remote: 177 chapter(s) available
  → 4 new chapter(s) to download (ch174–177)

  Volume 1: chapters 174–177
  ✓ Chapter 174/177  ✓ Chapter 177/177  ✓ Chapter 175/177  ✓ Chapter 176/177
  Updating Ohara site data…
  Writing static HTML pages…
  ✓ Site data written to docs/data/infinite-cashback-system/ and docs/read/infinite-cashback-system/

  [git] Pushing Infinite Cashback System to GitHub…
  [git] Committed: add/update: Infinite Cashback System
  [git] ✓ Pushed to GitHub successfully.
[14/39] kill-the-sun
  ✓ Up to date (992 chapters)
[15/39] lord-of-the-mysteries
  ✓ Up to date (1432 chapters)
[16/39] lust-system-conquering-the-world-beauties
  ↑ 2 new chapter(s) (local: 537, remote: 539)

────────────────────────────────────────────────────────────
Novel: lust-system-conquering-the-world-beauties
URL:   https://freewebnovel.com/novel/lust-system-conquering-the-world-beauties
  Local:  537 chapter(s) already on disk (next vol → Vol.1)
  Title:  Lust System: Conquering the World Beauties
  Tags:   Fantasy, Action, Adult, Romance, Comedy, Harem, Smut
  Cover:  https://freewebnovel.com/files/article/image/6/6647/6647s.jpg
  Remote: 539 chapter(s) available
  → 2 new chapter(s) to download (ch538–539)

  Volume 1: chapters 538–539
  ✓ Chapter 538/539  ✓ Chapter 539/539
  Updating Ohara site data…
  Writing static HTML pages…
  ✓ Site data written to docs/data/lust-system-conquering-the-world-beauties/ and docs/read/lust-system-conquering-the-world-beauties/

  [git] Pushing Lust System: Conquering the World Beauties to GitHub…
  [git] Committed: add/update: Lust System: Conquering the World Beauties
  [git] ✓ Pushed to GitHub successfully.
[17/39] milf-village-taming-milfs-with-my-broken-system
  ✓ Up to date (42 chapters)
[18/39] my-blood-legacy-bloodlines
  ✓ Up to date (149 chapters)
[19/39] my-taboo-harem-system
  ✓ Up to date (106 chapters)
[20/39] my-world-to-free-use
  ✓ Up to date (217 chapters)
[21/39] mysteries-of-immortal-puppet-master
  ✓ Up to date (1402 chapters)
[22/39] ntr-barbarian-harem-conquest
  ↑ 2 new chapter(s) (local: 112, remote: 114)

────────────────────────────────────────────────────────────
Novel: ntr-barbarian-harem-conquest
URL:   https://freewebnovel.com/novel/ntr-barbarian-harem-conquest
  Local:  112 chapter(s) already on disk (next vol → Vol.1)
  Title:  NTR: Barbarian Harem Conquest
  Tags:   Game, Action, Adult, Adventure, Harem, Smut
  Cover:  https://freewebnovel.com/files/article/image/13/13797/13797s.jpg
  Remote: 114 chapter(s) available
  → 2 new chapter(s) to download (ch113–114)

  Volume 1: chapters 113–114
  ✓ Chapter 113/114  ✓ Chapter 114/114
  Updating Ohara site data…
  Writing static HTML pages…
  ✓ Site data written to docs/data/ntr-barbarian-harem-conquest/ and docs/read/ntr-barbarian-harem-conquest/

  [git] Pushing NTR: Barbarian Harem Conquest to GitHub…
  [git] Committed: add/update: NTR: Barbarian Harem Conquest
  [git] ✓ Pushed to GitHub successfully.
[23/39] omniscient-readers-viewpoint-novel
  ✓ Up to date (552 chapters)
[24/39] rebate-king-every-beauty-i-spoil-makes-me-a-billionaire
  ↑ 3 new chapter(s) (local: 251, remote: 254)

────────────────────────────────────────────────────────────
Novel: rebate-king-every-beauty-i-spoil-makes-me-a-billionaire
URL:   https://freewebnovel.com/novel/rebate-king-every-beauty-i-spoil-makes-me-a-billionaire
  Local:  251 chapter(s) already on disk (next vol → Vol.1)
  Title:  Rebate King: Every Beauty I Spoil Makes Me a Billionaire
  Tags:   Fantasy, Adult, Romance, Harem, Smut, Slice of Life
  Cover:  https://freewebnovel.com/files/article/image/13/13413/13413s.jpg
  Remote: 254 chapter(s) available
  → 3 new chapter(s) to download (ch252–254)

  Volume 1: chapters 252–254
  ✓ Chapter 252/254  ✓ Chapter 253/254  ✓ Chapter 254/254
  Updating Ohara site data…
  Writing static HTML pages…
  ✓ Site data written to docs/data/rebate-king-every-beauty-i-spoil-makes-me-a-billionaire/ and docs/read/rebate-king-every-beauty-i-spoil-makes-me-a-billionaire/

  [git] Pushing Rebate King: Every Beauty I Spoil Makes Me a Billionaire to GitHub…
  [git] Committed: add/update: Rebate King: Every Beauty I Spoil Makes Me a Billionaire
  [git] ✓ Pushed to GitHub successfully.
[25/39] regressor-instruction-manual
  ↑ 1 new chapter(s) (local: 1581, remote: 1582)

────────────────────────────────────────────────────────────
Novel: regressor-instruction-manual
URL:   https://freewebnovel.com/novel/regressor-instruction-manual
  Local:  1581 chapter(s) already on disk (next vol → Vol.1)
  Title:  Regressor Instruction Manual
  Tags:   Action, Adventure, Comedy, Fantasy, Harem, Mature, Psychological, Seinen
  Cover:  https://freewebnovel.com/files/article/image/1/1615/1615s.jpg
  Remote: 1582 chapter(s) available
  → 1 new chapter(s) to download (ch1582–1582)

  Volume 1: chapters 1582–1582
  ✓ Chapter 1582/1582
  Updating Ohara site data…
  Writing static HTML pages…
  ✓ Site data written to docs/data/regressor-instruction-manual/ and docs/read/regressor-instruction-manual/

  [git] Pushing Regressor Instruction Manual to GitHub…
  [git] Committed: add/update: Regressor Instruction Manual
  [git] Push failed: error: RPC failed; HTTP 401 curl 22 The requested URL returned error: 401
send-pack: unexpected disconnect while reading sideband packet
fatal: the remote end hung up unexpectedly
Everything up-to-date
  [git] Files are committed locally — run 'git push' manually later.
[26/39] reverend-insanity
  ✓ Up to date (2334 chapters)
[27/39] shadow-slave
  ↑ 7 new chapter(s) (local: 3065, remote: 3072)

────────────────────────────────────────────────────────────
Novel: shadow-slave
URL:   https://freewebnovel.com/novel/shadow-slave
  Local:  3065 chapter(s) already on disk (next vol → Vol.3)
  Title:  Shadow Slave
  Tags:   Action, Adventure, Fantasy, Romance
  Cover:  https://freewebnovel.com/files/article/image/1/1991/1991s.jpg
  Remote: 3072 chapter(s) available
  → 7 new chapter(s) to download (ch3066–3072)

  Volume 3: chapters 3066–3072
  ✓ Chapter 3068/3072  ✓ Chapter 3066/3072  ✓ Chapter 3067/3072  ✓ Chapter 3070/3072  ✓ Chapter 3071/3072  ✓ Chapter 3072/3072  ✓ Chapter 3069/3072